Build started 12/13/2016 8:24:31 PM.
     1>Project "D:\Hoai Nguyen\DirectX\CastleVania\CastleVania\CastleVania.vcxproj" on node 2 (Build target(s)).
     1>ClCompile:
         C:\Program Files (x86)\Microsoft Visual Studio 12.0\VC\bin\CL.exe /c /ZI /nologo /W3 /WX- /sdl /Od /Oy- /D _UNICODE /D UNICODE /Gm /EHsc /RTC1 /MDd /GS /fp:precise /Zc:wchar_t /Zc:forScope /Fo"Debug\\" /Fd"Debug\vc120.pdb" /Gd /TP /analyze- /errorReport:prompt Game\Character\Simon.cpp Game\Game.cpp Game\Main.cpp
         Simon.cpp
         c:\program files (x86)\microsoft directx sdk (june 2010)\include\dinput.h: DIRECTINPUT_VERSION undefined. Defaulting to version 0x0800
     1>d:\hoai nguyen\directx\castlevania\castlevania\framework\globalvariable\define.h(22): warning C4005: 'KEYBOARD_BUFFER_SIZE' : macro redefinition
                 d:\hoai nguyen\directx\castlevania\castlevania\framework\input\input.h(9) : see previous definition of 'KEYBOARD_BUFFER_SIZE'
         Generating Code...
         Compiling...
         Game.cpp
         c:\program files (x86)\microsoft directx sdk (june 2010)\include\dinput.h: DIRECTINPUT_VERSION undefined. Defaulting to version 0x0800
     1>d:\hoai nguyen\directx\castlevania\castlevania\framework\globalvariable\define.h(22): warning C4005: 'KEYBOARD_BUFFER_SIZE' : macro redefinition
                 d:\hoai nguyen\directx\castlevania\castlevania\framework\input\input.h(9) : see previous definition of 'KEYBOARD_BUFFER_SIZE'
     1>d:\hoai nguyen\directx\castlevania\castlevania\game\game.cpp(40): warning C4244: 'argument' : conversion from 'FLOAT' to 'int', possible loss of data
     1>d:\hoai nguyen\directx\castlevania\castlevania\game\game.cpp(75): warning C4244: '=' : conversion from 'LONGLONG' to 'float', possible loss of data
         Generating Code...
         Skipping... (no relevant changes detected)
         Main.cpp
       Link:
         C:\Program Files (x86)\Microsoft Visual Studio 12.0\VC\bin\link.exe /ERRORREPORT:PROMPT /OUT:"D:\Hoai Nguyen\DirectX\CastleVania\Debug\CastleVania.exe" /INCREMENTAL /NOLOGO d3d9.lib d3dx9.lib dinput8.lib dsound.lib dxerr.lib dxguid.lib kernel32.lib user32.lib gdi32.lib winspool.lib comdlg32.lib advapi32.lib shell32.lib ole32.lib oleaut32.lib uuid.lib odbc32.lib odbccp32.lib /MANIFEST /MANIFESTUAC:"level='asInvoker' uiAccess='false'" /manifest:embed /DEBUG /PDB:"D:\Hoai Nguyen\DirectX\CastleVania\Debug\CastleVania.pdb" /TLBID:1 /DYNAMICBASE /NXCOMPAT /IMPLIB:"D:\Hoai Nguyen\DirectX\CastleVania\Debug\CastleVania.lib" /MACHINE:X86 Debug\Collision.obj
         Debug\Object.obj
         Debug\Global.obj
         Debug\Graphics.obj
         Debug\Windows.obj
         Debug\Input.obj
         Debug\Timer.obj
         Debug\Action.obj
         Debug\Animation.obj
         Debug\Camera.obj
         Debug\Sprite.obj
         Debug\Texture.obj
         Debug\MorningStar.obj
         Debug\Simon.obj
         Debug\DeadEnemyEffect.obj
         Debug\Ghost.obj
         Debug\Game.obj
         Debug\Main.obj
         Debug\TileMap.obj
         CastleVania.vcxproj -> D:\Hoai Nguyen\DirectX\CastleVania\Debug\CastleVania.exe
     1>Done Building Project "D:\Hoai Nguyen\DirectX\CastleVania\CastleVania\CastleVania.vcxproj" (Build target(s)).

Build succeeded.

Time Elapsed 00:00:02.15
